[0.230s] DEBUG:colcon:Command line arguments: ['/usr/bin/colcon', 'list', '-p', '--base-paths', '/home/kosuke/projects/balltracking']
[0.230s] DEBUG:colcon:Parsed command line arguments: Namespace(base_paths=['/home/kosuke/projects/balltracking'], build_base='build', ignore_user_meta=False, log_base=None, log_level=None, main=<bound method ListVerb.main of <colcon_package_information.verb.list.ListVerb object at 0x7fbb3340bd30>>, metas=['./colcon.meta'], names_only=False, packages_above=None, packages_above_and_dependencies=None, packages_above_depth=None, packages_end=None, packages_ignore=None, packages_ignore_regex=None, packages_select=None, packages_select_build_failed=False, packages_select_by_dep=None, packages_select_regex=None, packages_select_test_failures=False, packages_skip=None, packages_skip_build_finished=False, packages_skip_by_dep=None, packages_skip_regex=None, packages_skip_test_passed=False, packages_skip_up_to=None, packages_start=None, packages_up_to=None, packages_up_to_regex=None, paths=None, paths_only=True, topological_graph=False, topological_graph_density=False, topological_graph_dot=False, topological_graph_dot_cluster=False, topological_graph_dot_include_skipped=False, topological_graph_legend=False, topological_order=False, verb_extension=<colcon_package_information.verb.list.ListVerb object at 0x7fbb3340bd30>, verb_name='list', verb_parser=<colcon_defaults.argument_parser.defaults.DefaultArgumentsDecorator object at 0x7fbb3341ddd8>)
[0.301s] Level 1:colcon.colcon_core.package_discovery:discover_packages(colcon_meta) check parameters
[0.301s] Level 1:colcon.colcon_core.package_discovery:discover_packages(recursive) check parameters
[0.301s] Level 1:colcon.colcon_core.package_discovery:discover_packages(ignore) check parameters
[0.301s] Level 1:colcon.colcon_core.package_discovery:discover_packages(path) check parameters
[0.301s] Level 1:colcon.colcon_core.package_discovery:discover_packages(recursive) discover
[0.301s] INFO:colcon.colcon_core.package_discovery:Crawling recursively for packages in '/home/kosuke/projects/balltracking'
[0.302s] Level 1:colcon.colcon_core.package_identification:_identify(/home/kosuke/projects/balltracking) by extensions ['ignore', 'ignore_ament_install']
[0.302s] Level 1:colcon.colcon_core.package_identification:_identify(/home/kosuke/projects/balltracking) by extension 'ignore'
[0.302s] Level 1:colcon.colcon_core.package_identification:_identify(/home/kosuke/projects/balltracking) by extension 'ignore_ament_install'
[0.302s] Level 1:colcon.colcon_core.package_identification:_identify(/home/kosuke/projects/balltracking) by extensions ['colcon_pkg']
[0.302s] Level 1:colcon.colcon_core.package_identification:_identify(/home/kosuke/projects/balltracking) by extension 'colcon_pkg'
[0.302s] Level 1:colcon.colcon_core.package_identification:_identify(/home/kosuke/projects/balltracking) by extensions ['colcon_meta']
[0.302s] Level 1:colcon.colcon_core.package_identification:_identify(/home/kosuke/projects/balltracking) by extension 'colcon_meta'
[0.302s] Level 1:colcon.colcon_core.package_identification:_identify(/home/kosuke/projects/balltracking) by extensions ['ros']
[0.302s] Level 1:colcon.colcon_core.package_identification:_identify(/home/kosuke/projects/balltracking) by extension 'ros'
[0.315s] Level 1:colcon.colcon_core.package_identification:_identify(/home/kosuke/projects/balltracking) by extensions ['cmake', 'python']
[0.315s] Level 1:colcon.colcon_core.package_identification:_identify(/home/kosuke/projects/balltracking) by extension 'cmake'
[0.315s] Level 1:colcon.colcon_core.package_identification:_identify(/home/kosuke/projects/balltracking) by extension 'python'
[0.315s] Level 1:colcon.colcon_core.package_identification:_identify(/home/kosuke/projects/balltracking) by extensions ['python_setup_py']
[0.315s] Level 1:colcon.colcon_core.package_identification:_identify(/home/kosuke/projects/balltracking) by extension 'python_setup_py'
[0.316s] Level 1:colcon.colcon_core.package_identification:_identify(/home/kosuke/projects/balltracking/assets) by extensions ['ignore', 'ignore_ament_install']
[0.316s] Level 1:colcon.colcon_core.package_identification:_identify(/home/kosuke/projects/balltracking/assets) by extension 'ignore'
[0.316s] Level 1:colcon.colcon_core.package_identification:_identify(/home/kosuke/projects/balltracking/assets) by extension 'ignore_ament_install'
[0.316s] Level 1:colcon.colcon_core.package_identification:_identify(/home/kosuke/projects/balltracking/assets) by extensions ['colcon_pkg']
[0.316s] Level 1:colcon.colcon_core.package_identification:_identify(/home/kosuke/projects/balltracking/assets) by extension 'colcon_pkg'
[0.316s] Level 1:colcon.colcon_core.package_identification:_identify(/home/kosuke/projects/balltracking/assets) by extensions ['colcon_meta']
[0.316s] Level 1:colcon.colcon_core.package_identification:_identify(/home/kosuke/projects/balltracking/assets) by extension 'colcon_meta'
[0.316s] Level 1:colcon.colcon_core.package_identification:_identify(/home/kosuke/projects/balltracking/assets) by extensions ['ros']
[0.316s] Level 1:colcon.colcon_core.package_identification:_identify(/home/kosuke/projects/balltracking/assets) by extension 'ros'
[0.316s] Level 1:colcon.colcon_core.package_identification:_identify(/home/kosuke/projects/balltracking/assets) by extensions ['cmake', 'python']
[0.316s] Level 1:colcon.colcon_core.package_identification:_identify(/home/kosuke/projects/balltracking/assets) by extension 'cmake'
[0.317s] Level 1:colcon.colcon_core.package_identification:_identify(/home/kosuke/projects/balltracking/assets) by extension 'python'
[0.317s] Level 1:colcon.colcon_core.package_identification:_identify(/home/kosuke/projects/balltracking/assets) by extensions ['python_setup_py']
[0.317s] Level 1:colcon.colcon_core.package_identification:_identify(/home/kosuke/projects/balltracking/assets) by extension 'python_setup_py'
[0.317s] Level 1:colcon.colcon_core.package_identification:_identify(/home/kosuke/projects/balltracking/cpp) by extensions ['ignore', 'ignore_ament_install']
[0.317s] Level 1:colcon.colcon_core.package_identification:_identify(/home/kosuke/projects/balltracking/cpp) by extension 'ignore'
[0.317s] Level 1:colcon.colcon_core.package_identification:_identify(/home/kosuke/projects/balltracking/cpp) by extension 'ignore_ament_install'
[0.317s] Level 1:colcon.colcon_core.package_identification:_identify(/home/kosuke/projects/balltracking/cpp) by extensions ['colcon_pkg']
[0.317s] Level 1:colcon.colcon_core.package_identification:_identify(/home/kosuke/projects/balltracking/cpp) by extension 'colcon_pkg'
[0.317s] Level 1:colcon.colcon_core.package_identification:_identify(/home/kosuke/projects/balltracking/cpp) by extensions ['colcon_meta']
[0.317s] Level 1:colcon.colcon_core.package_identification:_identify(/home/kosuke/projects/balltracking/cpp) by extension 'colcon_meta'
[0.317s] Level 1:colcon.colcon_core.package_identification:_identify(/home/kosuke/projects/balltracking/cpp) by extensions ['ros']
[0.318s] Level 1:colcon.colcon_core.package_identification:_identify(/home/kosuke/projects/balltracking/cpp) by extension 'ros'
[0.318s] Level 1:colcon.colcon_core.package_identification:_identify(/home/kosuke/projects/balltracking/cpp) by extensions ['cmake', 'python']
[0.318s] Level 1:colcon.colcon_core.package_identification:_identify(/home/kosuke/projects/balltracking/cpp) by extension 'cmake'
[0.322s] Level 1:colcon.colcon_core.package_identification:_identify(/home/kosuke/projects/balltracking/cpp) by extension 'python'
[0.322s] DEBUG:colcon.colcon_core.package_identification:Package '/home/kosuke/projects/balltracking/cpp' with type 'cmake' and name 'cpp'
[0.322s] Level 1:colcon.colcon_core.package_identification:_identify(/home/kosuke/projects/balltracking/python) by extensions ['ignore', 'ignore_ament_install']
[0.322s] Level 1:colcon.colcon_core.package_identification:_identify(/home/kosuke/projects/balltracking/python) by extension 'ignore'
[0.322s] Level 1:colcon.colcon_core.package_identification:_identify(/home/kosuke/projects/balltracking/python) by extension 'ignore_ament_install'
[0.322s] Level 1:colcon.colcon_core.package_identification:_identify(/home/kosuke/projects/balltracking/python) by extensions ['colcon_pkg']
[0.322s] Level 1:colcon.colcon_core.package_identification:_identify(/home/kosuke/projects/balltracking/python) by extension 'colcon_pkg'
[0.322s] Level 1:colcon.colcon_core.package_identification:_identify(/home/kosuke/projects/balltracking/python) by extensions ['colcon_meta']
[0.322s] Level 1:colcon.colcon_core.package_identification:_identify(/home/kosuke/projects/balltracking/python) by extension 'colcon_meta'
[0.322s] Level 1:colcon.colcon_core.package_identification:_identify(/home/kosuke/projects/balltracking/python) by extensions ['ros']
[0.322s] Level 1:colcon.colcon_core.package_identification:_identify(/home/kosuke/projects/balltracking/python) by extension 'ros'
[0.322s] Level 1:colcon.colcon_core.package_identification:_identify(/home/kosuke/projects/balltracking/python) by extensions ['cmake', 'python']
[0.322s] Level 1:colcon.colcon_core.package_identification:_identify(/home/kosuke/projects/balltracking/python) by extension 'cmake'
[0.322s] Level 1:colcon.colcon_core.package_identification:_identify(/home/kosuke/projects/balltracking/python) by extension 'python'
[0.322s] Level 1:colcon.colcon_core.package_identification:_identify(/home/kosuke/projects/balltracking/python) by extensions ['python_setup_py']
[0.323s] Level 1:colcon.colcon_core.package_identification:_identify(/home/kosuke/projects/balltracking/python) by extension 'python_setup_py'
[0.323s] Level 1:colcon.colcon_core.package_discovery:discover_packages(recursive) using defaults
